In-House---Car-Battle-Project-main/Temp/gradleOut/launcher/build/intermediates/manifest_merge_blame_file/release/manifest-merger-blame-release-report.txt
1<?xml version="1.0" encoding="utf-8"?>
2<!-- GENERATED BY UNITY. REMOVE THIS COMMENT TO PREVENT OVERWRITING WHEN EXPORTING AGAIN -->
3<manifest xmlns:android="http://schemas.android.com/apk/res/android"
4    package="com.AtharvaGames.CarBattleProject"
5    android:installLocation="preferExternal"
6    android:versionCode="1"
7    android:versionName="0.1" >
8
9    <uses-sdk
10        android:minSdkVersion="19"
10-->src/main/AndroidManifest.xml
11        android:targetSdkVersion="30" />
11-->src/main/AndroidManifest.xml
12
13    <supports-screens
13-->src/main/AndroidManifest.xml:4:3-163
14        android:anyDensity="true"
14-->src/main/AndroidManifest.xml:4:135-160
15        android:largeScreens="true"
15-->src/main/AndroidManifest.xml:4:78-105
16        android:normalScreens="true"
16-->src/main/AndroidManifest.xml:4:49-77
17        android:smallScreens="true"
17-->src/main/AndroidManifest.xml:4:21-48
18        android:xlargeScreens="true" />
18-->src/main/AndroidManifest.xml:4:106-134
19
20    <uses-feature android:glEsVersion="0x00020000" />
20-->[:unityLibrary] AndroidManifest.xml:13:5-54
20-->[:unityLibrary] AndroidManifest.xml:13:19-51
21
22    <uses-permission android:name="android.permission.INTERNET" />
22-->[:unityLibrary] AndroidManifest.xml:15:5-67
22-->[:unityLibrary] AndroidManifest.xml:15:22-64
23
24    <uses-feature
24-->[:unityLibrary] AndroidManifest.xml:17:5-19:36
25        android:name="android.hardware.touchscreen"
25-->[:unityLibrary] AndroidManifest.xml:18:9-52
26        android:required="false" />
26-->[:unityLibrary] AndroidManifest.xml:19:9-33
27    <uses-feature
27-->[:unityLibrary] AndroidManifest.xml:20:5-22:36
28        android:name="android.hardware.touchscreen.multitouch"
28-->[:unityLibrary] AndroidManifest.xml:21:9-63
29        android:required="false" />
29-->[:unityLibrary] AndroidManifest.xml:22:9-33
30    <uses-feature
30-->[:unityLibrary] AndroidManifest.xml:23:5-25:36
31        android:name="android.hardware.touchscreen.multitouch.distinct"
31-->[:unityLibrary] AndroidManifest.xml:24:9-72
32        android:required="false" />
32-->[:unityLibrary] AndroidManifest.xml:25:9-33
33
34    <uses-permission android:name="android.permission.ACCESS_NETWORK_STATE" />
34-->[:UnityAds:] AndroidManifest.xml:9:5-79
34-->[:UnityAds:] AndroidManifest.xml:9:22-76
35    <uses-permission android:name="com.android.vending.BILLING" />
35-->[:billing-3.0.3:] AndroidManifest.xml:10:5-67
35-->[:billing-3.0.3:] AndroidManifest.xml:10:22-64
36
37    <application
37-->src/main/AndroidManifest.xml:5:3-116
38        android:extractNativeLibs="true"
38-->src/main/AndroidManifest.xml:5:16-48
39        android:icon="@mipmap/app_icon"
39-->src/main/AndroidManifest.xml:5:82-113
40        android:label="@string/app_name" >
40-->src/main/AndroidManifest.xml:5:49-81
41        <activity
41-->[:unityLibrary] AndroidManifest.xml:28:9-45:20
42            android:name="com.unity3d.player.UnityPlayerActivity"
42-->[:unityLibrary] AndroidManifest.xml:29:13-66
43            android:configChanges="mcc|mnc|locale|touchscreen|keyboard|keyboardHidden|navigation|orientation|screenLayout|uiMode|screenSize|smallestScreenSize|fontScale|layoutDirection|density"
43-->[:unityLibrary] AndroidManifest.xml:30:13-194
44            android:hardwareAccelerated="false"
44-->[:unityLibrary] AndroidManifest.xml:31:13-48
45            android:launchMode="singleTask"
45-->[:unityLibrary] AndroidManifest.xml:32:13-44
46            android:resizeableActivity="false"
46-->[:unityLibrary] AndroidManifest.xml:33:13-47
47            android:screenOrientation="sensorLandscape"
47-->[:unityLibrary] AndroidManifest.xml:34:13-56
48            android:theme="@style/UnityThemeSelector" >
48-->[:unityLibrary] AndroidManifest.xml:35:13-54
49            <intent-filter>
49-->[:unityLibrary] AndroidManifest.xml:36:13-40:29
50                <action android:name="android.intent.action.MAIN" />
50-->[:unityLibrary] AndroidManifest.xml:37:17-69
50-->[:unityLibrary] AndroidManifest.xml:37:25-66
51
52                <category android:name="android.intent.category.LAUNCHER" />
52-->[:unityLibrary] AndroidManifest.xml:39:17-77
52-->[:unityLibrary] AndroidManifest.xml:39:27-74
53            </intent-filter>
54
55            <meta-data
55-->[:unityLibrary] AndroidManifest.xml:42:13-44:40
56                android:name="unityplayer.UnityActivity"
56-->[:unityLibrary] AndroidManifest.xml:43:17-57
57                android:value="true" />
57-->[:unityLibrary] AndroidManifest.xml:44:17-37
58        </activity>
59
60        <meta-data
60-->[:unityLibrary] AndroidManifest.xml:47:9-49:33
61            android:name="unity.splash-mode"
61-->[:unityLibrary] AndroidManifest.xml:48:13-45
62            android:value="0" />
62-->[:unityLibrary] AndroidManifest.xml:49:13-30
63        <meta-data
63-->[:unityLibrary] AndroidManifest.xml:50:9-52:36
64            android:name="unity.splash-enable"
64-->[:unityLibrary] AndroidManifest.xml:51:13-47
65            android:value="True" />
65-->[:unityLibrary] AndroidManifest.xml:52:13-33
66        <meta-data
66-->[:unityLibrary] AndroidManifest.xml:53:9-55:37
67            android:name="unity.allow-resizable-window"
67-->[:unityLibrary] AndroidManifest.xml:54:13-56
68            android:value="False" />
68-->[:unityLibrary] AndroidManifest.xml:55:13-34
69        <meta-data
69-->[:unityLibrary] AndroidManifest.xml:56:9-58:68
70            android:name="unity.build-id"
70-->[:unityLibrary] AndroidManifest.xml:57:13-42
71            android:value="757d71ff-4df8-461d-b340-b64319e6210b" />
71-->[:unityLibrary] AndroidManifest.xml:58:13-65
72
73        <activity
73-->[:UnityAds:] AndroidManifest.xml:13:9-17:74
74            android:name="com.unity3d.services.ads.adunit.AdUnitActivity"
74-->[:UnityAds:] AndroidManifest.xml:14:13-74
75            android:configChanges="fontScale|keyboard|keyboardHidden|locale|mnc|mcc|navigation|orientation|screenLayout|screenSize|smallestScreenSize|uiMode|touchscreen"
75-->[:UnityAds:] AndroidManifest.xml:15:13-170
76            android:hardwareAccelerated="true"
76-->[:UnityAds:] AndroidManifest.xml:16:13-47
77            android:theme="@android:style/Theme.NoTitleBar.Fullscreen" />
77-->[:UnityAds:] AndroidManifest.xml:17:13-71
78        <activity
78-->[:UnityAds:] AndroidManifest.xml:18:9-22:86
79            android:name="com.unity3d.services.ads.adunit.AdUnitTransparentActivity"
79-->[:UnityAds:] AndroidManifest.xml:19:13-85
80            android:configChanges="fontScale|keyboard|keyboardHidden|locale|mnc|mcc|navigation|orientation|screenLayout|screenSize|smallestScreenSize|uiMode|touchscreen"
80-->[:UnityAds:] AndroidManifest.xml:20:13-170
81            android:hardwareAccelerated="true"
81-->[:UnityAds:] AndroidManifest.xml:21:13-47
82            android:theme="@android:style/Theme.Translucent.NoTitleBar.Fullscreen" />
82-->[:UnityAds:] AndroidManifest.xml:22:13-83
83        <activity
83-->[:UnityAds:] AndroidManifest.xml:23:9-27:86
84            android:name="com.unity3d.services.ads.adunit.AdUnitTransparentSoftwareActivity"
84-->[:UnityAds:] AndroidManifest.xml:24:13-93
85            android:configChanges="fontScale|keyboard|keyboardHidden|locale|mnc|mcc|navigation|orientation|screenLayout|screenSize|smallestScreenSize|uiMode|touchscreen"
85-->[:UnityAds:] AndroidManifest.xml:25:13-170
86            android:hardwareAccelerated="false"
86-->[:UnityAds:] AndroidManifest.xml:26:13-48
87            android:theme="@android:style/Theme.Translucent.NoTitleBar.Fullscreen" />
87-->[:UnityAds:] AndroidManifest.xml:27:13-83
88        <activity
88-->[:UnityAds:] AndroidManifest.xml:28:9-32:74
89            android:name="com.unity3d.services.ads.adunit.AdUnitSoftwareActivity"
89-->[:UnityAds:] AndroidManifest.xml:29:13-82
90            android:configChanges="fontScale|keyboard|keyboardHidden|locale|mnc|mcc|navigation|orientation|screenLayout|screenSize|smallestScreenSize|uiMode|touchscreen"
90-->[:UnityAds:] AndroidManifest.xml:30:13-170
91            android:hardwareAccelerated="false"
91-->[:UnityAds:] AndroidManifest.xml:31:13-48
92            android:theme="@android:style/Theme.NoTitleBar.Fullscreen" />
92-->[:UnityAds:] AndroidManifest.xml:32:13-71
93
94        <meta-data
94-->[:billing-3.0.3:] AndroidManifest.xml:13:9-15:37
95            android:name="com.google.android.play.billingclient.version"
95-->[:billing-3.0.3:] AndroidManifest.xml:14:13-73
96            android:value="3.0.3" />
96-->[:billing-3.0.3:] AndroidManifest.xml:15:13-34
97
98        <activity
98-->[:billing-3.0.3:] AndroidManifest.xml:17:9-21:75
99            android:name="com.android.billingclient.api.ProxyBillingActivity"
99-->[:billing-3.0.3:] AndroidManifest.xml:18:13-78
100            android:configChanges="keyboard|keyboardHidden|screenLayout|screenSize|orientation"
100-->[:billing-3.0.3:] AndroidManifest.xml:19:13-96
101            android:exported="false"
101-->[:billing-3.0.3:] AndroidManifest.xml:20:13-37
102            android:theme="@android:style/Theme.Translucent.NoTitleBar" />
102-->[:billing-3.0.3:] AndroidManifest.xml:21:13-72
103    </application>
104
105</manifest>